<?xml version="1.0" encoding="UTF-8"?>
<!-- Generated by org.testng.reporters.JUnitXMLReporter -->
<testsuite hostname="MacBook-Pro-Irina.local" ignored="0" name="Default test" tests="2" failures="1" timestamp="09 Apr 2018 22:32:29 GMT" time="25.099" errors="0">
  <testcase name="runScenario" time="24.882" classname="cucumber.api.testng.AbstractTestNGCucumberTests">
    <failure type="java.lang.IndexOutOfBoundsException" message="Index: 11, Size: 11">
      <![CDATA[java.lang.IndexOutOfBoundsException: Index: 11, Size: 11
at java.util.ArrayList.rangeCheck(ArrayList.java:657)
at java.util.ArrayList.get(ArrayList.java:433)
at java.util.Collections$UnmodifiableList.get(Collections.java:1309)
at com.zurmo.stepdefs.MatrixReportSetpDefs.user_should_see_the_following_menu_options(MatrixReportSetpDefs.java:73)
at ✽.User  should see the following menu options(src/test/resources/com/zurmo/features/MatrixReports.feature:14)
]]>
    </failure>
  </testcase> <!-- runScenario -->
  <testcase name="runScenario" time="0.012" classname="cucumber.api.testng.AbstractTestNGCucumberTests"/>
</testsuite> <!-- Default test -->
