<?xml version="1.0" encoding="UTF-8"?>
<!-- Generated by org.testng.reporters.JUnitXMLReporter -->
<testsuite hostname="MacBook-Pro-Irina.local" ignored="0" name="Default test" tests="2" failures="0" timestamp="08 Apr 2018 22:34:58 GMT" time="30.379" errors="0">
  <testcase name="runScenario" time="17.798" classname="cucumber.api.testng.AbstractTestNGCucumberTests"/>
  <testcase name="runScenario" time="12.38" classname="cucumber.api.testng.AbstractTestNGCucumberTests"/>
</testsuite> <!-- Default test -->
