<?xml version="1.0" encoding="UTF-8"?>
<!-- Generated by org.testng.reporters.JUnitReportReporter -->
<testsuite skipped="0" hostname="MacBook-Pro-Irina.local" name="com.zurmo.runners.CukesRunner" tests="2" failures="0" timestamp="09 Apr 2018 22:32:29 GMT" time="24.894" errors="1">
  <testcase name="runScenario" time="0.012" classname="com.zurmo.runners.CukesRunner"/>
  <testcase name="runScenario" time="24.882" classname="com.zurmo.runners.CukesRunner">
    <error type="java.lang.IndexOutOfBoundsException" message="Index: 11, Size: 11">
      <![CDATA[java.lang.IndexOutOfBoundsException: Index: 11, Size: 11
at java.util.ArrayList.rangeCheck(ArrayList.java:657)
at java.util.ArrayList.get(ArrayList.java:433)
at java.util.Collections$UnmodifiableList.get(Collections.java:1309)
at com.zurmo.stepdefs.MatrixReportSetpDefs.user_should_see_the_following_menu_options(MatrixReportSetpDefs.java:73)
at ✽.User  should see the following menu options(src/test/resources/com/zurmo/features/MatrixReports.feature:14)
]]>
    </error>
  </testcase> <!-- runScenario -->
</testsuite> <!-- com.zurmo.runners.CukesRunner -->
